0 info it worked if it ends with ok
1 verbose cli [ '/Users/a2014/.nvm/versions/node/v6.11.0/bin/node',
1 verbose cli   '/Users/a2014/.nvm/versions/node/v6.11.0/bin/npm',
1 verbose cli   'run',
1 verbose cli   'test' ]
2 info using npm@3.10.10
3 info using node@v6.11.0
4 verbose run-script [ 'pretest', 'test', 'posttest' ]
5 info lifecycle draghtml@1.0.0~pretest: draghtml@1.0.0
6 silly lifecycle draghtml@1.0.0~pretest: no script for pretest, continuing
7 info lifecycle draghtml@1.0.0~test: draghtml@1.0.0
8 verbose lifecycle draghtml@1.0.0~test: unsafe-perm in lifecycle true
9 verbose lifecycle draghtml@1.0.0~test: PATH: /Users/a2014/.nvm/versions/node/v6.11.0/lib/node_modules/npm/bin/node-gyp-bin:/Users/a2014/Desktop/draghtml/node_modules/.bin:/Users/a2014/.nvm/versions/node/v6.11.0/bin:/usr/local/bin:/usr/bin:/bin:/usr/sbin:/sbin
10 verbose lifecycle draghtml@1.0.0~test: CWD: /Users/a2014/Desktop/draghtml
11 silly lifecycle draghtml@1.0.0~test: Args: [ '-c',
11 silly lifecycle   'mocha --compilers js:babel-core/register --require ./test/test.js' ]
12 silly lifecycle draghtml@1.0.0~test: Returned: code: 1  signal: null
13 info lifecycle draghtml@1.0.0~test: Failed to exec test script
14 verbose stack Error: draghtml@1.0.0 test: `mocha --compilers js:babel-core/register --require ./test/test.js`
14 verbose stack Exit status 1
14 verbose stack     at EventEmitter.<anonymous> (/Users/a2014/.nvm/versions/node/v6.11.0/lib/node_modules/npm/lib/utils/lifecycle.js:255:16)
14 verbose stack     at emitTwo (events.js:106:13)
14 verbose stack     at EventEmitter.emit (events.js:191:7)
14 verbose stack     at ChildProcess.<anonymous> (/Users/a2014/.nvm/versions/node/v6.11.0/lib/node_modules/npm/lib/utils/spawn.js:40:14)
14 verbose stack     at emitTwo (events.js:106:13)
14 verbose stack     at ChildProcess.emit (events.js:191:7)
14 verbose stack     at maybeClose (internal/child_process.js:891:16)
14 verbose stack     at Process.ChildProcess._handle.onexit (internal/child_process.js:226:5)
15 verbose pkgid draghtml@1.0.0
16 verbose cwd /Users/a2014/Desktop/draghtml
17 error Darwin 16.4.0
18 error argv "/Users/a2014/.nvm/versions/node/v6.11.0/bin/node" "/Users/a2014/.nvm/versions/node/v6.11.0/bin/npm" "run" "test"
19 error node v6.11.0
20 error npm  v3.10.10
21 error code ELIFECYCLE
22 error draghtml@1.0.0 test: `mocha --compilers js:babel-core/register --require ./test/test.js`
22 error Exit status 1
23 error Failed at the draghtml@1.0.0 test script 'mocha --compilers js:babel-core/register --require ./test/test.js'.
23 error Make sure you have the latest version of node.js and npm installed.
23 error If you do, this is most likely a problem with the draghtml package,
23 error not with npm itself.
23 error Tell the author that this fails on your system:
23 error     mocha --compilers js:babel-core/register --require ./test/test.js
23 error You can get information on how to open an issue for this project with:
23 error     npm bugs draghtml
23 error Or if that isn't available, you can get their info via:
23 error     npm owner ls draghtml
23 error There is likely additional logging output above.
24 verbose exit [ 1, true ]
